<?xml version="1.0" encoding="UTF-8"?>
<testsuite failures="0" errors="0" skipped="0" tests="1" time="19.301132" name="State Farm Insurance Tab">
<testcase classname="State Farm Insurance Tab" name="Verify Get a Quote" time="19.301132">
  <system-out>
    <![CDATA[]]>
  </system-out>
  <system-err>
    <![CDATA[]]>
  </system-err>
</testcase>
</testsuite>
